<?xml version="1.0" encoding="UTF-8"?>
<testsuite xmlns:xsi="http://www.w3.org/2001/XMLSchema-instance" xsi:noNamespaceSchemaLocation="https://maven.apache.org/surefire/maven-surefire-plugin/xsd/surefire-test-report.xsd" version="3.0.2" name="catering.businesslogic.event.GestireEventiTest" time="1.724" tests="0" errors="0" skipped="0" failures="0">
  <properties>
[...]
</properties>
  <testcase name="test_ModificaRicorrenza" classname="catering.businesslogic.event.GestireEventiTest$RecurrenceManagement" time="0.224">
    <system-err><![CDATA[2026-07-31 01:42:27.584 [INFO] catering.persistence.PersistenceManager: Database initialized successfully from database/catering_init_sqlite.sql
]]></system-err>
  </testcase>
  <testcase name="test9_PropagazioneRicorrenza" classname="catering.businesslogic.event.GestireEventiTest$RecurrenceManagement" time="0.137"/>
  <testcase name="test_AnnullamentoEventoPreliminare" classname="catering.businesslogic.event.GestireEventiTest$LifecycleAndStatus" time="0.021"/>
  <testcase name="test_EliminazioneEvento" classname="catering.businesslogic.event.GestireEventiTest$LifecycleAndStatus" time="0.03"/>
  <testcase name="test_InserisciDerogaPenale" classname="catering.businesslogic.event.GestireEventiTest$LifecycleAndStatus" time="0.023"/>
  <testcase name="test_TerminazioneEvento" classname="catering.businesslogic.event.GestireEventiTest$LifecycleAndStatus" time="0.087"/>
  <testcase name="test_AnnullamentoEventoInCorso" classname="catering.businesslogic.event.GestireEventiTest$LifecycleAndStatus" time="0.055"/>
  <testcase name="test5_ConfermaEvento" classname="catering.businesslogic.event.GestireEventiTest$LifecycleAndStatus" time="0.047"/>
  <testcase name="test3_AssegnaPersonale" classname="catering.businesslogic.event.GestireEventiTest$MenuAndStaff" time="0.031"/>
  <testcase name="test3_ApprovaMenu" classname="catering.businesslogic.event.GestireEventiTest$MenuAndStaff" time="0.122"/>
  <testcase name="test_ModificaDatiVincoli" classname="catering.businesslogic.event.GestireEventiTest$CreationAndData" time="0.045"/>
  <testcase name="test1_CreaSchedaEvento" classname="catering.businesslogic.event.GestireEventiTest$CreationAndData" time="0.024"/>
  <testcase name="test2_InserisciDati" classname="catering.businesslogic.event.GestireEventiTest$CreationAndData" time="0.075"/>
</testsuite>